[2024-02-22 21:01:46,374][0][INFO][color_logger.py:203] Logfile: /data1/xiayuyang/online_mcmt/logs/0_2024-02-22-21-01-46-373801.log
[2024-02-22 21:01:46,623][0][WARNING][generic_advisor.py:482] Cannot sample non duplicate configuration after 1000 iterations.
[2024-02-22 21:01:46,833][0][WARNING][generic_advisor.py:482] Cannot sample non duplicate configuration after 1000 iterations.
[2024-02-22 21:01:47,053][0][WARNING][generic_advisor.py:482] Cannot sample non duplicate configuration after 1000 iterations.
[2024-02-22 21:01:47,271][0][WARNING][generic_advisor.py:482] Cannot sample non duplicate configuration after 1000 iterations.
[2024-02-22 21:01:47,503][0][WARNING][generic_advisor.py:482] Cannot sample non duplicate configuration after 1000 iterations.
[2024-02-22 21:01:47,748][0][WARNING][generic_advisor.py:482] Cannot sample non duplicate configuration after 1000 iterations.
[2024-02-22 21:01:47,997][0][WARNING][generic_advisor.py:482] Cannot sample non duplicate configuration after 1000 iterations.
[2024-02-22 21:01:48,230][0][WARNING][generic_advisor.py:482] Cannot sample non duplicate configuration after 1000 iterations.
[2024-02-22 21:01:48,459][0][WARNING][generic_advisor.py:482] Cannot sample non duplicate configuration after 1000 iterations.
[2024-02-22 21:01:48,658][0][WARNING][generic_advisor.py:482] Cannot sample non duplicate configuration after 1000 iterations.
[2024-02-22 21:01:48,887][0][WARNING][generic_advisor.py:482] Cannot sample non duplicate configuration after 1000 iterations.
[2024-02-22 21:01:49,133][0][WARNING][generic_advisor.py:482] Cannot sample non duplicate configuration after 1000 iterations.
[2024-02-22 21:01:49,380][0][WARNING][generic_advisor.py:482] Cannot sample non duplicate configuration after 1000 iterations.
[2024-02-22 21:01:49,630][0][WARNING][generic_advisor.py:482] Cannot sample non duplicate configuration after 1000 iterations.
[2024-02-22 21:01:49,845][0][WARNING][generic_advisor.py:482] Cannot sample non duplicate configuration after 1000 iterations.
[2024-02-22 21:01:50,074][0][WARNING][generic_advisor.py:482] Cannot sample non duplicate configuration after 1000 iterations.
[2024-02-22 21:01:50,297][0][WARNING][generic_advisor.py:482] Cannot sample non duplicate configuration after 1000 iterations.
[2024-02-22 21:01:50,544][0][WARNING][generic_advisor.py:482] Cannot sample non duplicate configuration after 1000 iterations.
[2024-02-22 21:01:50,782][0][WARNING][generic_advisor.py:482] Cannot sample non duplicate configuration after 1000 iterations.
[2024-02-22 21:01:50,982][0][WARNING][generic_advisor.py:482] Cannot sample non duplicate configuration after 1000 iterations.
[2024-02-22 21:01:51,169][0][WARNING][generic_advisor.py:482] Cannot sample non duplicate configuration after 1000 iterations.
[2024-02-22 21:01:51,382][0][WARNING][generic_advisor.py:482] Cannot sample non duplicate configuration after 1000 iterations.
[2024-02-22 21:01:51,604][0][WARNING][generic_advisor.py:482] Cannot sample non duplicate configuration after 1000 iterations.
[2024-02-22 21:01:51,854][0][WARNING][generic_advisor.py:482] Cannot sample non duplicate configuration after 1000 iterations.
[2024-02-22 21:01:52,108][0][WARNING][generic_advisor.py:482] Cannot sample non duplicate configuration after 1000 iterations.
[2024-02-22 21:01:52,357][0][WARNING][generic_advisor.py:482] Cannot sample non duplicate configuration after 1000 iterations.
[2024-02-22 21:01:52,612][0][WARNING][generic_advisor.py:482] Cannot sample non duplicate configuration after 1000 iterations.
[2024-02-22 21:01:52,803][0][WARNING][generic_advisor.py:482] Cannot sample non duplicate configuration after 1000 iterations.
[2024-02-22 21:01:53,025][0][WARNING][generic_advisor.py:482] Cannot sample non duplicate configuration after 1000 iterations.
[2024-02-22 21:01:53,251][0][WARNING][generic_advisor.py:482] Cannot sample non duplicate configuration after 1000 iterations.
[2024-02-22 21:01:53,498][0][WARNING][generic_advisor.py:482] Cannot sample non duplicate configuration after 1000 iterations.
[2024-02-22 21:01:53,749][0][WARNING][generic_advisor.py:482] Cannot sample non duplicate configuration after 1000 iterations.
[2024-02-22 21:01:53,990][0][WARNING][generic_advisor.py:482] Cannot sample non duplicate configuration after 1000 iterations.
[2024-02-22 21:01:54,214][0][WARNING][generic_advisor.py:482] Cannot sample non duplicate configuration after 1000 iterations.
[2024-02-22 21:01:54,458][0][WARNING][generic_advisor.py:482] Cannot sample non duplicate configuration after 1000 iterations.
[2024-02-22 21:01:54,677][0][WARNING][generic_advisor.py:482] Cannot sample non duplicate configuration after 1000 iterations.
[2024-02-22 21:01:54,925][0][WARNING][generic_advisor.py:482] Cannot sample non duplicate configuration after 1000 iterations.
[2024-02-22 21:01:55,188][0][WARNING][generic_advisor.py:482] Cannot sample non duplicate configuration after 1000 iterations.
[2024-02-22 21:01:55,414][0][WARNING][generic_advisor.py:482] Cannot sample non duplicate configuration after 1000 iterations.
[2024-02-22 21:01:55,637][0][WARNING][generic_advisor.py:482] Cannot sample non duplicate configuration after 1000 iterations.
[2024-02-22 21:01:55,835][0][WARNING][generic_advisor.py:482] Cannot sample non duplicate configuration after 1000 iterations.
[2024-02-22 21:01:56,056][0][WARNING][generic_advisor.py:482] Cannot sample non duplicate configuration after 1000 iterations.
[2024-02-22 21:01:56,275][0][WARNING][generic_advisor.py:482] Cannot sample non duplicate configuration after 1000 iterations.
[2024-02-22 21:01:56,486][0][WARNING][generic_advisor.py:482] Cannot sample non duplicate configuration after 1000 iterations.
[2024-02-22 21:01:56,732][0][WARNING][generic_advisor.py:482] Cannot sample non duplicate configuration after 1000 iterations.
[2024-02-22 21:01:56,979][0][WARNING][generic_advisor.py:482] Cannot sample non duplicate configuration after 1000 iterations.
[2024-02-22 21:01:57,203][0][WARNING][generic_advisor.py:482] Cannot sample non duplicate configuration after 1000 iterations.
[2024-02-22 21:01:57,407][0][WARNING][generic_advisor.py:482] Cannot sample non duplicate configuration after 1000 iterations.
[2024-02-22 21:01:57,639][0][WARNING][generic_advisor.py:482] Cannot sample non duplicate configuration after 1000 iterations.
[2024-02-22 21:01:57,878][0][WARNING][generic_advisor.py:482] Cannot sample non duplicate configuration after 1000 iterations.
[2024-02-22 21:01:58,129][0][WARNING][generic_advisor.py:482] Cannot sample non duplicate configuration after 1000 iterations.
[2024-02-22 21:01:58,371][0][WARNING][generic_advisor.py:482] Cannot sample non duplicate configuration after 1000 iterations.
[2024-02-22 21:01:58,594][0][WARNING][generic_advisor.py:482] Cannot sample non duplicate configuration after 1000 iterations.
[2024-02-22 21:01:58,821][0][WARNING][generic_advisor.py:482] Cannot sample non duplicate configuration after 1000 iterations.
[2024-02-22 21:01:59,020][0][WARNING][generic_advisor.py:482] Cannot sample non duplicate configuration after 1000 iterations.
[2024-02-22 21:01:59,265][0][WARNING][generic_advisor.py:482] Cannot sample non duplicate configuration after 1000 iterations.
[2024-02-22 21:01:59,522][0][WARNING][generic_advisor.py:482] Cannot sample non duplicate configuration after 1000 iterations.
[2024-02-22 21:01:59,776][0][WARNING][generic_advisor.py:482] Cannot sample non duplicate configuration after 1000 iterations.
[2024-02-22 21:02:00,025][0][WARNING][generic_advisor.py:482] Cannot sample non duplicate configuration after 1000 iterations.
[2024-02-22 21:02:00,249][0][WARNING][generic_advisor.py:482] Cannot sample non duplicate configuration after 1000 iterations.
[2024-02-22 21:02:00,469][0][WARNING][generic_advisor.py:482] Cannot sample non duplicate configuration after 1000 iterations.
[2024-02-22 21:02:00,697][0][WARNING][generic_advisor.py:482] Cannot sample non duplicate configuration after 1000 iterations.
[2024-02-22 21:02:00,933][0][WARNING][generic_advisor.py:482] Cannot sample non duplicate configuration after 1000 iterations.
[2024-02-22 21:02:01,179][0][WARNING][generic_advisor.py:482] Cannot sample non duplicate configuration after 1000 iterations.
[2024-02-22 21:02:13,118][0][ERROR][generic_smbo.py:275] Exception in objective function:
Traceback (most recent call last):
  File "/data1/xiayuyang/anaconda3/envs/carla/lib/python3.8/site-packages/openbox/utils/limit.py", line 62, in run_without_time_limit
    ret = obj_func(*obj_args, **obj_kwargs)
  File "/data1/xiayuyang/online_mcmt/detector/yolov5/s_bo.py", line 85, in multi_camera_matching
    accuracy, processing_time, section_json = accuracy, processing_time = profile(target_cam_=1, cams_dir_= cams_dir,
  File "/data1/xiayuyang/online_mcmt/detector/yolov5/my_mtsc.py", line 787, in profile
    mm_data, total_detect_time, total_extract_time, total_sct_time, total_pp_time=run_mtmc(target_cam_index=target_cam_, cams_dir=cams_dir_, weights=weights_, imgsz=imgsz_, cams_ratio=cams_ratio_)
  File "/data1/xiayuyang/online_mcmt/detector/yolov5/my_mtsc.py", line 505, in run_mtmc
    mm_data[cam] = read_data_from_txt(gt_dir, cams_ratio[cam_idx])
IndexError: list index out of range

config: Configuration(values={
  'fps_camera': '1',
  'model_size_camera': 'yolov5s.pt',
  'resolution_camera': '320',
})

[2024-02-22 21:02:13,119][0][INFO][generic_smbo.py:295] Iter 1, objectives: [inf, inf].
[2024-02-22 21:02:20,568][0][ERROR][generic_smbo.py:275] Exception in objective function:
Traceback (most recent call last):
  File "/data1/xiayuyang/anaconda3/envs/carla/lib/python3.8/site-packages/openbox/utils/limit.py", line 62, in run_without_time_limit
    ret = obj_func(*obj_args, **obj_kwargs)
  File "/data1/xiayuyang/online_mcmt/detector/yolov5/s_bo.py", line 85, in multi_camera_matching
    accuracy, processing_time, section_json = accuracy, processing_time = profile(target_cam_=1, cams_dir_= cams_dir,
  File "/data1/xiayuyang/online_mcmt/detector/yolov5/my_mtsc.py", line 787, in profile
    mm_data, total_detect_time, total_extract_time, total_sct_time, total_pp_time=run_mtmc(target_cam_index=target_cam_, cams_dir=cams_dir_, weights=weights_, imgsz=imgsz_, cams_ratio=cams_ratio_)
  File "/data1/xiayuyang/online_mcmt/detector/yolov5/my_mtsc.py", line 505, in run_mtmc
    mm_data[cam] = read_data_from_txt(gt_dir, cams_ratio[cam_idx])
IndexError: list index out of range

config: Configuration(values={
  'fps_camera': '10',
  'model_size_camera': 'yolov5l.pt',
  'resolution_camera': '1280',
})

[2024-02-22 21:02:20,573][0][INFO][generic_smbo.py:295] Iter 2, objectives: [inf, inf].
[2024-02-22 21:02:27,466][0][ERROR][generic_smbo.py:275] Exception in objective function:
Traceback (most recent call last):
  File "/data1/xiayuyang/anaconda3/envs/carla/lib/python3.8/site-packages/openbox/utils/limit.py", line 62, in run_without_time_limit
    ret = obj_func(*obj_args, **obj_kwargs)
  File "/data1/xiayuyang/online_mcmt/detector/yolov5/s_bo.py", line 85, in multi_camera_matching
    accuracy, processing_time, section_json = accuracy, processing_time = profile(target_cam_=1, cams_dir_= cams_dir,
  File "/data1/xiayuyang/online_mcmt/detector/yolov5/my_mtsc.py", line 787, in profile
    mm_data, total_detect_time, total_extract_time, total_sct_time, total_pp_time=run_mtmc(target_cam_index=target_cam_, cams_dir=cams_dir_, weights=weights_, imgsz=imgsz_, cams_ratio=cams_ratio_)
  File "/data1/xiayuyang/online_mcmt/detector/yolov5/my_mtsc.py", line 505, in run_mtmc
    mm_data[cam] = read_data_from_txt(gt_dir, cams_ratio[cam_idx])
IndexError: list index out of range

config: Configuration(values={
  'fps_camera': '1',
  'model_size_camera': 'yolov5l.pt',
  'resolution_camera': '1280',
})

[2024-02-22 21:02:27,468][0][INFO][generic_smbo.py:295] Iter 3, objectives: [inf, inf].
