[2024-02-22 18:42:56,780][0][INFO][color_logger.py:203] Logfile: /data1/xiayuyang/online_mcmt/logs/0_2024-02-22-18-42-56-779618.log
[2024-02-22 18:43:09,079][0][ERROR][generic_smbo.py:275] Exception in objective function:
Traceback (most recent call last):
  File "/data1/xiayuyang/anaconda3/envs/carla/lib/python3.8/site-packages/openbox/utils/limit.py", line 62, in run_without_time_limit
    ret = obj_func(*obj_args, **obj_kwargs)
  File "/data1/xiayuyang/online_mcmt/detector/yolov5/s_bo.py", line 85, in multi_camera_matching
    accuracy, processing_time, section_json = profile(
  File "/data1/xiayuyang/online_mcmt/detector/yolov5/my_mtmc.py", line 923, in profile
    mm_data, total_detect_time, total_extract_time, total_sct_time, total_pp_time, total_match_time=run_mtmc(cams_dir=cams_dir_, weights=weights_, imgsz=imgsz_, cams_ratio=cams_ratio_, lazy_threshold=lazy_threshold_)
  File "/data1/xiayuyang/online_mcmt/detector/yolov5/my_mtmc.py", line 569, in run_mtmc
    stride = int(det_model[i].stride.max())
TypeError: 'Model' object is not subscriptable

config: Configuration(values={
  'fps_camera': '1',
  'lazy_threshold': 0.7,
  'model_size_camera': 'yolov5s.pt',
  'resolution_camera': '320',
})

[2024-02-22 18:43:09,080][0][INFO][generic_smbo.py:295] Iter 1, objectives: [inf, inf].
[2024-02-22 18:43:16,016][0][ERROR][generic_smbo.py:275] Exception in objective function:
Traceback (most recent call last):
  File "/data1/xiayuyang/anaconda3/envs/carla/lib/python3.8/site-packages/openbox/utils/limit.py", line 62, in run_without_time_limit
    ret = obj_func(*obj_args, **obj_kwargs)
  File "/data1/xiayuyang/online_mcmt/detector/yolov5/s_bo.py", line 85, in multi_camera_matching
    accuracy, processing_time, section_json = profile(
  File "/data1/xiayuyang/online_mcmt/detector/yolov5/my_mtmc.py", line 923, in profile
    mm_data, total_detect_time, total_extract_time, total_sct_time, total_pp_time, total_match_time=run_mtmc(cams_dir=cams_dir_, weights=weights_, imgsz=imgsz_, cams_ratio=cams_ratio_, lazy_threshold=lazy_threshold_)
  File "/data1/xiayuyang/online_mcmt/detector/yolov5/my_mtmc.py", line 569, in run_mtmc
    stride = int(det_model[i].stride.max())
TypeError: 'Model' object is not subscriptable

config: Configuration(values={
  'fps_camera': '10',
  'lazy_threshold': 0.6,
  'model_size_camera': 'yolov5l.pt',
  'resolution_camera': '1280',
})

[2024-02-22 18:43:16,017][0][INFO][generic_smbo.py:295] Iter 2, objectives: [inf, inf].
[2024-02-22 18:43:21,941][0][ERROR][generic_smbo.py:275] Exception in objective function:
Traceback (most recent call last):
  File "/data1/xiayuyang/anaconda3/envs/carla/lib/python3.8/site-packages/openbox/utils/limit.py", line 62, in run_without_time_limit
    ret = obj_func(*obj_args, **obj_kwargs)
  File "/data1/xiayuyang/online_mcmt/detector/yolov5/s_bo.py", line 85, in multi_camera_matching
    accuracy, processing_time, section_json = profile(
  File "/data1/xiayuyang/online_mcmt/detector/yolov5/my_mtmc.py", line 923, in profile
    mm_data, total_detect_time, total_extract_time, total_sct_time, total_pp_time, total_match_time=run_mtmc(cams_dir=cams_dir_, weights=weights_, imgsz=imgsz_, cams_ratio=cams_ratio_, lazy_threshold=lazy_threshold_)
  File "/data1/xiayuyang/online_mcmt/detector/yolov5/my_mtmc.py", line 569, in run_mtmc
    stride = int(det_model[i].stride.max())
TypeError: 'Model' object is not subscriptable

config: Configuration(values={
  'fps_camera': '10',
  'lazy_threshold': 0.64,
  'model_size_camera': 'yolov5s.pt',
  'resolution_camera': '320',
})

[2024-02-22 18:43:21,942][0][INFO][generic_smbo.py:295] Iter 3, objectives: [inf, inf].
[2024-02-22 18:43:29,080][0][ERROR][generic_smbo.py:275] Exception in objective function:
Traceback (most recent call last):
  File "/data1/xiayuyang/anaconda3/envs/carla/lib/python3.8/site-packages/openbox/utils/limit.py", line 62, in run_without_time_limit
    ret = obj_func(*obj_args, **obj_kwargs)
  File "/data1/xiayuyang/online_mcmt/detector/yolov5/s_bo.py", line 85, in multi_camera_matching
    accuracy, processing_time, section_json = profile(
  File "/data1/xiayuyang/online_mcmt/detector/yolov5/my_mtmc.py", line 923, in profile
    mm_data, total_detect_time, total_extract_time, total_sct_time, total_pp_time, total_match_time=run_mtmc(cams_dir=cams_dir_, weights=weights_, imgsz=imgsz_, cams_ratio=cams_ratio_, lazy_threshold=lazy_threshold_)
  File "/data1/xiayuyang/online_mcmt/detector/yolov5/my_mtmc.py", line 569, in run_mtmc
    stride = int(det_model[i].stride.max())
TypeError: 'Model' object is not subscriptable

config: Configuration(values={
  'fps_camera': '2',
  'lazy_threshold': 0.88,
  'model_size_camera': 'yolov5m.pt',
  'resolution_camera': '1280',
})

[2024-02-22 18:43:29,082][0][INFO][generic_smbo.py:295] Iter 4, objectives: [inf, inf].
[2024-02-22 18:43:35,812][0][ERROR][generic_smbo.py:275] Exception in objective function:
Traceback (most recent call last):
  File "/data1/xiayuyang/anaconda3/envs/carla/lib/python3.8/site-packages/openbox/utils/limit.py", line 62, in run_without_time_limit
    ret = obj_func(*obj_args, **obj_kwargs)
  File "/data1/xiayuyang/online_mcmt/detector/yolov5/s_bo.py", line 85, in multi_camera_matching
    accuracy, processing_time, section_json = profile(
  File "/data1/xiayuyang/online_mcmt/detector/yolov5/my_mtmc.py", line 923, in profile
    mm_data, total_detect_time, total_extract_time, total_sct_time, total_pp_time, total_match_time=run_mtmc(cams_dir=cams_dir_, weights=weights_, imgsz=imgsz_, cams_ratio=cams_ratio_, lazy_threshold=lazy_threshold_)
  File "/data1/xiayuyang/online_mcmt/detector/yolov5/my_mtmc.py", line 569, in run_mtmc
    stride = int(det_model[i].stride.max())
TypeError: 'Model' object is not subscriptable

config: Configuration(values={
  'fps_camera': '4',
  'lazy_threshold': 0.86,
  'model_size_camera': 'yolov5l.pt',
  'resolution_camera': '320',
})

[2024-02-22 18:43:35,813][0][INFO][generic_smbo.py:295] Iter 5, objectives: [inf, inf].
[2024-02-22 18:43:42,090][0][ERROR][generic_smbo.py:275] Exception in objective function:
Traceback (most recent call last):
  File "/data1/xiayuyang/anaconda3/envs/carla/lib/python3.8/site-packages/openbox/utils/limit.py", line 62, in run_without_time_limit
    ret = obj_func(*obj_args, **obj_kwargs)
  File "/data1/xiayuyang/online_mcmt/detector/yolov5/s_bo.py", line 85, in multi_camera_matching
    accuracy, processing_time, section_json = profile(
  File "/data1/xiayuyang/online_mcmt/detector/yolov5/my_mtmc.py", line 923, in profile
    mm_data, total_detect_time, total_extract_time, total_sct_time, total_pp_time, total_match_time=run_mtmc(cams_dir=cams_dir_, weights=weights_, imgsz=imgsz_, cams_ratio=cams_ratio_, lazy_threshold=lazy_threshold_)
  File "/data1/xiayuyang/online_mcmt/detector/yolov5/my_mtmc.py", line 569, in run_mtmc
    stride = int(det_model[i].stride.max())
TypeError: 'Model' object is not subscriptable

config: Configuration(values={
  'fps_camera': '10',
  'lazy_threshold': 0.88,
  'model_size_camera': 'yolov5s.pt',
  'resolution_camera': '1280',
})

[2024-02-22 18:43:42,092][0][INFO][generic_smbo.py:295] Iter 6, objectives: [inf, inf].
[2024-02-22 18:43:49,762][0][ERROR][generic_smbo.py:275] Exception in objective function:
Traceback (most recent call last):
  File "/data1/xiayuyang/anaconda3/envs/carla/lib/python3.8/site-packages/openbox/utils/limit.py", line 62, in run_without_time_limit
    ret = obj_func(*obj_args, **obj_kwargs)
  File "/data1/xiayuyang/online_mcmt/detector/yolov5/s_bo.py", line 85, in multi_camera_matching
    accuracy, processing_time, section_json = profile(
  File "/data1/xiayuyang/online_mcmt/detector/yolov5/my_mtmc.py", line 923, in profile
    mm_data, total_detect_time, total_extract_time, total_sct_time, total_pp_time, total_match_time=run_mtmc(cams_dir=cams_dir_, weights=weights_, imgsz=imgsz_, cams_ratio=cams_ratio_, lazy_threshold=lazy_threshold_)
  File "/data1/xiayuyang/online_mcmt/detector/yolov5/my_mtmc.py", line 569, in run_mtmc
    stride = int(det_model[i].stride.max())
TypeError: 'Model' object is not subscriptable

config: Configuration(values={
  'fps_camera': '1',
  'lazy_threshold': 0.78,
  'model_size_camera': 'yolov5l.pt',
  'resolution_camera': '320',
})

[2024-02-22 18:43:49,763][0][INFO][generic_smbo.py:295] Iter 7, objectives: [inf, inf].
