[2024-02-22 20:02:48,048][0][INFO][color_logger.py:203] Logfile: /data1/xiayuyang/online_mcmt/logs/0_2024-02-22-20-02-48-047379.log
[2024-02-22 20:02:48,324][0][WARNING][generic_advisor.py:482] Cannot sample non duplicate configuration after 1000 iterations.
[2024-02-22 20:02:48,536][0][WARNING][generic_advisor.py:482] Cannot sample non duplicate configuration after 1000 iterations.
[2024-02-22 20:02:48,754][0][WARNING][generic_advisor.py:482] Cannot sample non duplicate configuration after 1000 iterations.
[2024-02-22 20:02:48,957][0][WARNING][generic_advisor.py:482] Cannot sample non duplicate configuration after 1000 iterations.
[2024-02-22 20:02:49,166][0][WARNING][generic_advisor.py:482] Cannot sample non duplicate configuration after 1000 iterations.
[2024-02-22 20:02:49,376][0][WARNING][generic_advisor.py:482] Cannot sample non duplicate configuration after 1000 iterations.
[2024-02-22 20:02:49,593][0][WARNING][generic_advisor.py:482] Cannot sample non duplicate configuration after 1000 iterations.
[2024-02-22 20:02:49,802][0][WARNING][generic_advisor.py:482] Cannot sample non duplicate configuration after 1000 iterations.
[2024-02-22 20:02:50,015][0][WARNING][generic_advisor.py:482] Cannot sample non duplicate configuration after 1000 iterations.
[2024-02-22 20:02:50,227][0][WARNING][generic_advisor.py:482] Cannot sample non duplicate configuration after 1000 iterations.
[2024-02-22 20:02:50,461][0][WARNING][generic_advisor.py:482] Cannot sample non duplicate configuration after 1000 iterations.
[2024-02-22 20:02:50,669][0][WARNING][generic_advisor.py:482] Cannot sample non duplicate configuration after 1000 iterations.
[2024-02-22 20:02:50,894][0][WARNING][generic_advisor.py:482] Cannot sample non duplicate configuration after 1000 iterations.
[2024-02-22 20:02:51,117][0][WARNING][generic_advisor.py:482] Cannot sample non duplicate configuration after 1000 iterations.
[2024-02-22 20:02:51,337][0][WARNING][generic_advisor.py:482] Cannot sample non duplicate configuration after 1000 iterations.
[2024-02-22 20:02:51,553][0][WARNING][generic_advisor.py:482] Cannot sample non duplicate configuration after 1000 iterations.
[2024-02-22 20:02:51,749][0][WARNING][generic_advisor.py:482] Cannot sample non duplicate configuration after 1000 iterations.
[2024-02-22 20:02:51,934][0][WARNING][generic_advisor.py:482] Cannot sample non duplicate configuration after 1000 iterations.
[2024-02-22 20:02:52,120][0][WARNING][generic_advisor.py:482] Cannot sample non duplicate configuration after 1000 iterations.
[2024-02-22 20:02:52,335][0][WARNING][generic_advisor.py:482] Cannot sample non duplicate configuration after 1000 iterations.
[2024-02-22 20:02:52,556][0][WARNING][generic_advisor.py:482] Cannot sample non duplicate configuration after 1000 iterations.
[2024-02-22 20:02:52,783][0][WARNING][generic_advisor.py:482] Cannot sample non duplicate configuration after 1000 iterations.
[2024-02-22 20:02:53,007][0][WARNING][generic_advisor.py:482] Cannot sample non duplicate configuration after 1000 iterations.
[2024-02-22 20:02:53,231][0][WARNING][generic_advisor.py:482] Cannot sample non duplicate configuration after 1000 iterations.
[2024-02-22 20:02:53,452][0][WARNING][generic_advisor.py:482] Cannot sample non duplicate configuration after 1000 iterations.
[2024-02-22 20:02:53,685][0][WARNING][generic_advisor.py:482] Cannot sample non duplicate configuration after 1000 iterations.
[2024-02-22 20:02:53,915][0][WARNING][generic_advisor.py:482] Cannot sample non duplicate configuration after 1000 iterations.
[2024-02-22 20:02:54,124][0][WARNING][generic_advisor.py:482] Cannot sample non duplicate configuration after 1000 iterations.
[2024-02-22 20:02:54,334][0][WARNING][generic_advisor.py:482] Cannot sample non duplicate configuration after 1000 iterations.
[2024-02-22 20:02:54,526][0][WARNING][generic_advisor.py:482] Cannot sample non duplicate configuration after 1000 iterations.
[2024-02-22 20:02:54,716][0][WARNING][generic_advisor.py:482] Cannot sample non duplicate configuration after 1000 iterations.
[2024-02-22 20:02:54,912][0][WARNING][generic_advisor.py:482] Cannot sample non duplicate configuration after 1000 iterations.
[2024-02-22 20:02:55,104][0][WARNING][generic_advisor.py:482] Cannot sample non duplicate configuration after 1000 iterations.
[2024-02-22 20:02:55,298][0][WARNING][generic_advisor.py:482] Cannot sample non duplicate configuration after 1000 iterations.
[2024-02-22 20:02:55,511][0][WARNING][generic_advisor.py:482] Cannot sample non duplicate configuration after 1000 iterations.
[2024-02-22 20:02:55,707][0][WARNING][generic_advisor.py:482] Cannot sample non duplicate configuration after 1000 iterations.
[2024-02-22 20:02:55,896][0][WARNING][generic_advisor.py:482] Cannot sample non duplicate configuration after 1000 iterations.
[2024-02-22 20:02:56,088][0][WARNING][generic_advisor.py:482] Cannot sample non duplicate configuration after 1000 iterations.
[2024-02-22 20:02:56,273][0][WARNING][generic_advisor.py:482] Cannot sample non duplicate configuration after 1000 iterations.
[2024-02-22 20:02:56,459][0][WARNING][generic_advisor.py:482] Cannot sample non duplicate configuration after 1000 iterations.
[2024-02-22 20:02:56,646][0][WARNING][generic_advisor.py:482] Cannot sample non duplicate configuration after 1000 iterations.
[2024-02-22 20:02:56,843][0][WARNING][generic_advisor.py:482] Cannot sample non duplicate configuration after 1000 iterations.
[2024-02-22 20:02:57,041][0][WARNING][generic_advisor.py:482] Cannot sample non duplicate configuration after 1000 iterations.
[2024-02-22 20:02:57,250][0][WARNING][generic_advisor.py:482] Cannot sample non duplicate configuration after 1000 iterations.
[2024-02-22 20:02:57,457][0][WARNING][generic_advisor.py:482] Cannot sample non duplicate configuration after 1000 iterations.
[2024-02-22 20:02:57,699][0][WARNING][generic_advisor.py:482] Cannot sample non duplicate configuration after 1000 iterations.
[2024-02-22 20:02:57,940][0][WARNING][generic_advisor.py:482] Cannot sample non duplicate configuration after 1000 iterations.
[2024-02-22 20:02:58,168][0][WARNING][generic_advisor.py:482] Cannot sample non duplicate configuration after 1000 iterations.
[2024-02-22 20:02:58,385][0][WARNING][generic_advisor.py:482] Cannot sample non duplicate configuration after 1000 iterations.
[2024-02-22 20:02:58,626][0][WARNING][generic_advisor.py:482] Cannot sample non duplicate configuration after 1000 iterations.
[2024-02-22 20:02:58,885][0][WARNING][generic_advisor.py:482] Cannot sample non duplicate configuration after 1000 iterations.
[2024-02-22 20:02:59,133][0][WARNING][generic_advisor.py:482] Cannot sample non duplicate configuration after 1000 iterations.
[2024-02-22 20:02:59,393][0][WARNING][generic_advisor.py:482] Cannot sample non duplicate configuration after 1000 iterations.
[2024-02-22 20:02:59,660][0][WARNING][generic_advisor.py:482] Cannot sample non duplicate configuration after 1000 iterations.
[2024-02-22 20:02:59,895][0][WARNING][generic_advisor.py:482] Cannot sample non duplicate configuration after 1000 iterations.
[2024-02-22 20:03:00,137][0][WARNING][generic_advisor.py:482] Cannot sample non duplicate configuration after 1000 iterations.
[2024-02-22 20:03:00,350][0][WARNING][generic_advisor.py:482] Cannot sample non duplicate configuration after 1000 iterations.
[2024-02-22 20:03:00,587][0][WARNING][generic_advisor.py:482] Cannot sample non duplicate configuration after 1000 iterations.
[2024-02-22 20:03:00,845][0][WARNING][generic_advisor.py:482] Cannot sample non duplicate configuration after 1000 iterations.
[2024-02-22 20:03:01,086][0][WARNING][generic_advisor.py:482] Cannot sample non duplicate configuration after 1000 iterations.
[2024-02-22 20:03:01,338][0][WARNING][generic_advisor.py:482] Cannot sample non duplicate configuration after 1000 iterations.
[2024-02-22 20:03:01,551][0][WARNING][generic_advisor.py:482] Cannot sample non duplicate configuration after 1000 iterations.
[2024-02-22 20:03:01,787][0][WARNING][generic_advisor.py:482] Cannot sample non duplicate configuration after 1000 iterations.
[2024-02-22 20:03:02,036][0][WARNING][generic_advisor.py:482] Cannot sample non duplicate configuration after 1000 iterations.
[2024-02-22 20:03:19,021][0][ERROR][generic_smbo.py:275] Exception in objective function:
Traceback (most recent call last):
  File "/data1/xiayuyang/anaconda3/envs/carla/lib/python3.8/site-packages/openbox/utils/limit.py", line 62, in run_without_time_limit
    ret = obj_func(*obj_args, **obj_kwargs)
  File "/data1/xiayuyang/online_mcmt/detector/yolov5/s_bo.py", line 85, in multi_camera_matching
    accuracy, processing_time, section_json = accuracy, processing_time = profile(target_cam_=1, cams_dir_= cams_dir,
  File "/data1/xiayuyang/online_mcmt/detector/yolov5/my_mtsc.py", line 790, in profile
    mm_data, total_detect_time, total_extract_time, total_sct_time, total_pp_time=run_mtmc(target_cam_index=target_cam_, cams_dir=cams_dir_, weights=weights_, imgsz=imgsz_, cams_ratio=cams_ratio_)
  File "/data1/xiayuyang/online_mcmt/detector/yolov5/my_mtsc.py", line 739, in run_mtmc
    mm_data[cam][i]['detections'].append([g_tid,x,y,w,h])
KeyError: 'c002'

config: Configuration(values={
  'fps_camera': '1',
  'model_size_camera': 'yolov5s.pt',
  'resolution_camera': '320',
})

[2024-02-22 20:03:19,022][0][INFO][generic_smbo.py:295] Iter 1, objectives: [inf, inf].
