[2024-03-13 15:00:24,719][0][INFO][color_logger.py:203] Logfile: /data1/xiayuyang/online_mcmt/logs/0_2024-03-13-15-00-24-719291.log
[2024-03-13 15:00:25,575][0][WARNING][generic_advisor.py:482] Cannot sample non duplicate configuration after 1000 iterations.
[2024-03-13 15:00:26,310][0][WARNING][generic_advisor.py:482] Cannot sample non duplicate configuration after 1000 iterations.
[2024-03-13 15:00:27,066][0][WARNING][generic_advisor.py:482] Cannot sample non duplicate configuration after 1000 iterations.
[2024-03-13 15:00:27,798][0][WARNING][generic_advisor.py:482] Cannot sample non duplicate configuration after 1000 iterations.
[2024-03-13 15:00:28,530][0][WARNING][generic_advisor.py:482] Cannot sample non duplicate configuration after 1000 iterations.
[2024-03-13 15:00:29,232][0][WARNING][generic_advisor.py:482] Cannot sample non duplicate configuration after 1000 iterations.
[2024-03-13 15:00:29,842][0][WARNING][generic_advisor.py:482] Cannot sample non duplicate configuration after 1000 iterations.
[2024-03-13 15:00:30,593][0][WARNING][generic_advisor.py:482] Cannot sample non duplicate configuration after 1000 iterations.
[2024-03-13 15:00:31,346][0][WARNING][generic_advisor.py:482] Cannot sample non duplicate configuration after 1000 iterations.
[2024-03-13 15:00:32,061][0][WARNING][generic_advisor.py:482] Cannot sample non duplicate configuration after 1000 iterations.
[2024-03-13 15:00:33,036][0][WARNING][generic_advisor.py:482] Cannot sample non duplicate configuration after 1000 iterations.
[2024-03-13 15:00:33,782][0][WARNING][generic_advisor.py:482] Cannot sample non duplicate configuration after 1000 iterations.
[2024-03-13 15:00:34,433][0][WARNING][generic_advisor.py:482] Cannot sample non duplicate configuration after 1000 iterations.
[2024-03-13 15:00:35,184][0][WARNING][generic_advisor.py:482] Cannot sample non duplicate configuration after 1000 iterations.
[2024-03-13 15:00:35,966][0][WARNING][generic_advisor.py:482] Cannot sample non duplicate configuration after 1000 iterations.
[2024-03-13 15:00:36,636][0][WARNING][generic_advisor.py:482] Cannot sample non duplicate configuration after 1000 iterations.
[2024-03-13 15:00:37,474][0][WARNING][generic_advisor.py:482] Cannot sample non duplicate configuration after 1000 iterations.
[2024-03-13 15:00:38,211][0][WARNING][generic_advisor.py:482] Cannot sample non duplicate configuration after 1000 iterations.
[2024-03-13 15:00:38,848][0][WARNING][generic_advisor.py:482] Cannot sample non duplicate configuration after 1000 iterations.
[2024-03-13 15:00:39,450][0][WARNING][generic_advisor.py:482] Cannot sample non duplicate configuration after 1000 iterations.
[2024-03-13 15:00:40,045][0][WARNING][generic_advisor.py:482] Cannot sample non duplicate configuration after 1000 iterations.
[2024-03-13 15:00:40,663][0][WARNING][generic_advisor.py:482] Cannot sample non duplicate configuration after 1000 iterations.
[2024-03-13 15:00:41,455][0][WARNING][generic_advisor.py:482] Cannot sample non duplicate configuration after 1000 iterations.
[2024-03-13 15:00:42,106][0][WARNING][generic_advisor.py:482] Cannot sample non duplicate configuration after 1000 iterations.
[2024-03-13 15:00:42,713][0][WARNING][generic_advisor.py:482] Cannot sample non duplicate configuration after 1000 iterations.
[2024-03-13 15:00:43,335][0][WARNING][generic_advisor.py:482] Cannot sample non duplicate configuration after 1000 iterations.
[2024-03-13 15:00:44,017][0][WARNING][generic_advisor.py:482] Cannot sample non duplicate configuration after 1000 iterations.
[2024-03-13 15:00:44,799][0][WARNING][generic_advisor.py:482] Cannot sample non duplicate configuration after 1000 iterations.
[2024-03-13 15:00:45,482][0][WARNING][generic_advisor.py:482] Cannot sample non duplicate configuration after 1000 iterations.
[2024-03-13 15:00:46,311][0][WARNING][generic_advisor.py:482] Cannot sample non duplicate configuration after 1000 iterations.
[2024-03-13 15:00:46,925][0][WARNING][generic_advisor.py:482] Cannot sample non duplicate configuration after 1000 iterations.
[2024-03-13 15:00:47,525][0][WARNING][generic_advisor.py:482] Cannot sample non duplicate configuration after 1000 iterations.
[2024-03-13 15:00:48,279][0][WARNING][generic_advisor.py:482] Cannot sample non duplicate configuration after 1000 iterations.
[2024-03-13 15:00:49,129][0][WARNING][generic_advisor.py:482] Cannot sample non duplicate configuration after 1000 iterations.
[2024-03-13 15:00:50,008][0][WARNING][generic_advisor.py:482] Cannot sample non duplicate configuration after 1000 iterations.
[2024-03-13 15:00:50,754][0][WARNING][generic_advisor.py:482] Cannot sample non duplicate configuration after 1000 iterations.
[2024-03-13 15:00:51,627][0][WARNING][generic_advisor.py:482] Cannot sample non duplicate configuration after 1000 iterations.
[2024-03-13 15:00:52,374][0][WARNING][generic_advisor.py:482] Cannot sample non duplicate configuration after 1000 iterations.
[2024-03-13 15:00:53,177][0][WARNING][generic_advisor.py:482] Cannot sample non duplicate configuration after 1000 iterations.
[2024-03-13 15:00:54,025][0][WARNING][generic_advisor.py:482] Cannot sample non duplicate configuration after 1000 iterations.
[2024-03-13 15:00:54,769][0][WARNING][generic_advisor.py:482] Cannot sample non duplicate configuration after 1000 iterations.
[2024-03-13 15:00:55,504][0][WARNING][generic_advisor.py:482] Cannot sample non duplicate configuration after 1000 iterations.
[2024-03-13 15:00:56,293][0][WARNING][generic_advisor.py:482] Cannot sample non duplicate configuration after 1000 iterations.
[2024-03-13 15:00:56,977][0][WARNING][generic_advisor.py:482] Cannot sample non duplicate configuration after 1000 iterations.
[2024-03-13 15:00:57,594][0][WARNING][generic_advisor.py:482] Cannot sample non duplicate configuration after 1000 iterations.
[2024-03-13 15:00:58,384][0][WARNING][generic_advisor.py:482] Cannot sample non duplicate configuration after 1000 iterations.
[2024-03-13 15:00:59,038][0][WARNING][generic_advisor.py:482] Cannot sample non duplicate configuration after 1000 iterations.
[2024-03-13 15:00:59,790][0][WARNING][generic_advisor.py:482] Cannot sample non duplicate configuration after 1000 iterations.
[2024-03-13 15:01:00,407][0][WARNING][generic_advisor.py:482] Cannot sample non duplicate configuration after 1000 iterations.
[2024-03-13 15:01:01,006][0][WARNING][generic_advisor.py:482] Cannot sample non duplicate configuration after 1000 iterations.
[2024-03-13 15:01:01,868][0][WARNING][generic_advisor.py:482] Cannot sample non duplicate configuration after 1000 iterations.
[2024-03-13 15:01:02,770][0][WARNING][generic_advisor.py:482] Cannot sample non duplicate configuration after 1000 iterations.
[2024-03-13 15:01:03,428][0][WARNING][generic_advisor.py:482] Cannot sample non duplicate configuration after 1000 iterations.
[2024-03-13 15:01:04,187][0][WARNING][generic_advisor.py:482] Cannot sample non duplicate configuration after 1000 iterations.
[2024-03-13 15:01:04,807][0][WARNING][generic_advisor.py:482] Cannot sample non duplicate configuration after 1000 iterations.
[2024-03-13 15:01:05,513][0][WARNING][generic_advisor.py:482] Cannot sample non duplicate configuration after 1000 iterations.
[2024-03-13 15:01:06,147][0][WARNING][generic_advisor.py:482] Cannot sample non duplicate configuration after 1000 iterations.
[2024-03-13 15:01:06,740][0][WARNING][generic_advisor.py:482] Cannot sample non duplicate configuration after 1000 iterations.
[2024-03-13 15:01:07,541][0][WARNING][generic_advisor.py:482] Cannot sample non duplicate configuration after 1000 iterations.
[2024-03-13 15:01:08,208][0][WARNING][generic_advisor.py:482] Cannot sample non duplicate configuration after 1000 iterations.
[2024-03-13 15:01:08,912][0][WARNING][generic_advisor.py:482] Cannot sample non duplicate configuration after 1000 iterations.
[2024-03-13 15:01:09,608][0][WARNING][generic_advisor.py:482] Cannot sample non duplicate configuration after 1000 iterations.
[2024-03-13 15:01:10,469][0][WARNING][generic_advisor.py:482] Cannot sample non duplicate configuration after 1000 iterations.
[2024-03-13 15:01:11,121][0][WARNING][generic_advisor.py:482] Cannot sample non duplicate configuration after 1000 iterations.
[2024-03-13 15:01:11,726][0][WARNING][generic_advisor.py:482] Cannot sample non duplicate configuration after 1000 iterations.
[2024-03-13 15:01:12,340][0][WARNING][generic_advisor.py:482] Cannot sample non duplicate configuration after 1000 iterations.
[2024-03-13 15:01:12,944][0][WARNING][generic_advisor.py:482] Cannot sample non duplicate configuration after 1000 iterations.
[2024-03-13 15:01:13,571][0][WARNING][generic_advisor.py:482] Cannot sample non duplicate configuration after 1000 iterations.
[2024-03-13 15:01:14,248][0][WARNING][generic_advisor.py:482] Cannot sample non duplicate configuration after 1000 iterations.
[2024-03-13 15:01:14,876][0][WARNING][generic_advisor.py:482] Cannot sample non duplicate configuration after 1000 iterations.
[2024-03-13 15:01:15,559][0][WARNING][generic_advisor.py:482] Cannot sample non duplicate configuration after 1000 iterations.
[2024-03-13 15:01:16,184][0][WARNING][generic_advisor.py:482] Cannot sample non duplicate configuration after 1000 iterations.
[2024-03-13 15:01:17,489][0][WARNING][generic_advisor.py:482] Cannot sample non duplicate configuration after 1000 iterations.
[2024-03-13 15:01:19,084][0][WARNING][generic_advisor.py:482] Cannot sample non duplicate configuration after 1000 iterations.
[2024-03-13 15:01:20,438][0][WARNING][generic_advisor.py:482] Cannot sample non duplicate configuration after 1000 iterations.
[2024-03-13 15:01:22,134][0][WARNING][generic_advisor.py:482] Cannot sample non duplicate configuration after 1000 iterations.
[2024-03-13 15:01:23,640][0][WARNING][generic_advisor.py:482] Cannot sample non duplicate configuration after 1000 iterations.
[2024-03-13 15:01:24,838][0][WARNING][generic_advisor.py:482] Cannot sample non duplicate configuration after 1000 iterations.
[2024-03-13 15:01:26,211][0][WARNING][generic_advisor.py:482] Cannot sample non duplicate configuration after 1000 iterations.
[2024-03-13 16:26:58,332][0][INFO][generic_smbo.py:295] Iter 1, objectives: [0.2537572765718038, 0.4432758034269015].
[2024-03-13 17:32:14,907][0][INFO][generic_smbo.py:295] Iter 2, objectives: [0.2537572765718038, 0.29633932593795986].
[2024-03-13 17:32:14,909][0][WARNING][generic_smbo.py:253] Evaluating duplicated configuration: Configuration(values={
  'fps_camera1': '4',
  'fps_camera2': '4',
  'fps_camera3': '4',
  'fps_camera4': '4',
  'lazy_threshold': 0.9,
  'model_size_camera1': 'yolov5m.pt',
  'model_size_camera2': 'yolov5m.pt',
  'model_size_camera3': 'yolov5m.pt',
  'model_size_camera4': 'yolov5m.pt',
  'resolution_camera1': '1280',
  'resolution_camera2': '1280',
  'resolution_camera3': '1280',
  'resolution_camera4': '1280',
})

[2024-03-13 18:33:24,273][0][WARNING][history.py:242] Duplicate configuration detected!
[2024-03-13 18:33:24,274][0][INFO][generic_smbo.py:295] Iter 3, objectives: [0.2537572765718038, 0.2674519587887658].
[2024-03-13 19:24:18,817][0][INFO][generic_smbo.py:295] Iter 4, objectives: [0.2537572765718038, 0.19320344186491437].
[2024-03-13 19:24:18,818][0][WARNING][generic_smbo.py:253] Evaluating duplicated configuration: Configuration(values={
  'fps_camera1': '4',
  'fps_camera2': '4',
  'fps_camera3': '4',
  'fps_camera4': '4',
  'lazy_threshold': 0.9,
  'model_size_camera1': 'yolov5m.pt',
  'model_size_camera2': 'yolov5m.pt',
  'model_size_camera3': 'yolov5m.pt',
  'model_size_camera4': 'yolov5m.pt',
  'resolution_camera1': '1280',
  'resolution_camera2': '1280',
  'resolution_camera3': '1280',
  'resolution_camera4': '1280',
})

[2024-03-13 20:25:27,962][0][WARNING][history.py:242] Duplicate configuration detected!
[2024-03-13 20:25:27,963][0][INFO][generic_smbo.py:295] Iter 5, objectives: [0.2537572765718038, 0.27337593727641635].
[2024-03-13 20:25:27,964][0][WARNING][generic_smbo.py:253] Evaluating duplicated configuration: Configuration(values={
  'fps_camera1': '4',
  'fps_camera2': '4',
  'fps_camera3': '4',
  'fps_camera4': '4',
  'lazy_threshold': 0.9,
  'model_size_camera1': 'yolov5m.pt',
  'model_size_camera2': 'yolov5m.pt',
  'model_size_camera3': 'yolov5m.pt',
  'model_size_camera4': 'yolov5m.pt',
  'resolution_camera1': '1280',
  'resolution_camera2': '1280',
  'resolution_camera3': '1280',
  'resolution_camera4': '1280',
})

[2024-03-13 21:24:45,869][0][WARNING][history.py:242] Duplicate configuration detected!
[2024-03-13 21:24:45,870][0][INFO][generic_smbo.py:295] Iter 6, objectives: [0.2537572765718038, 0.2570854133698675].
[2024-03-13 21:24:45,872][0][WARNING][generic_smbo.py:253] Evaluating duplicated configuration: Configuration(values={
  'fps_camera1': '4',
  'fps_camera2': '4',
  'fps_camera3': '4',
  'fps_camera4': '4',
  'lazy_threshold': 0.5,
  'model_size_camera1': 'yolov5m.pt',
  'model_size_camera2': 'yolov5m.pt',
  'model_size_camera3': 'yolov5m.pt',
  'model_size_camera4': 'yolov5m.pt',
  'resolution_camera1': '1280',
  'resolution_camera2': '1280',
  'resolution_camera3': '1280',
  'resolution_camera4': '1280',
})

[2024-03-13 22:33:28,068][0][WARNING][history.py:242] Duplicate configuration detected!
[2024-03-13 22:33:28,069][0][INFO][generic_smbo.py:295] Iter 7, objectives: [0.2537572765718038, 0.32757492671410243].
[2024-03-13 22:33:28,069][0][WARNING][generic_smbo.py:253] Evaluating duplicated configuration: Configuration(values={
  'fps_camera1': '4',
  'fps_camera2': '4',
  'fps_camera3': '4',
  'fps_camera4': '4',
  'lazy_threshold': 0.9,
  'model_size_camera1': 'yolov5m.pt',
  'model_size_camera2': 'yolov5m.pt',
  'model_size_camera3': 'yolov5m.pt',
  'model_size_camera4': 'yolov5m.pt',
  'resolution_camera1': '1280',
  'resolution_camera2': '1280',
  'resolution_camera3': '1280',
  'resolution_camera4': '1280',
})

[2024-03-13 23:24:50,332][0][WARNING][history.py:242] Duplicate configuration detected!
[2024-03-13 23:24:50,332][0][INFO][generic_smbo.py:295] Iter 8, objectives: [0.2537572765718038, 0.19854710264338388].
[2024-03-13 23:24:50,333][0][WARNING][generic_smbo.py:253] Evaluating duplicated configuration: Configuration(values={
  'fps_camera1': '4',
  'fps_camera2': '4',
  'fps_camera3': '4',
  'fps_camera4': '4',
  'lazy_threshold': 0.5,
  'model_size_camera1': 'yolov5m.pt',
  'model_size_camera2': 'yolov5m.pt',
  'model_size_camera3': 'yolov5m.pt',
  'model_size_camera4': 'yolov5m.pt',
  'resolution_camera1': '1280',
  'resolution_camera2': '1280',
  'resolution_camera3': '1280',
  'resolution_camera4': '1280',
})

[2024-03-14 00:27:39,034][0][WARNING][history.py:242] Duplicate configuration detected!
[2024-03-14 00:27:39,035][0][INFO][generic_smbo.py:295] Iter 9, objectives: [0.2537572765718038, 0.2851184160179562].
[2024-03-14 01:43:35,935][0][INFO][generic_smbo.py:295] Iter 10, objectives: [0.2537572765718038, 0.3871236796511544].
[2024-03-14 02:45:14,768][0][INFO][generic_smbo.py:295] Iter 11, objectives: [0.2537572765718038, 0.27748667928907605].
[2024-03-14 03:42:57,365][0][INFO][generic_smbo.py:295] Iter 12, objectives: [0.2537572765718038, 0.24815578629573187].
[2024-03-14 03:42:57,366][0][INFO][generic_advisor.py:365] Sample random config. rand_prob=0.100000.
[2024-03-14 04:36:05,315][0][INFO][generic_smbo.py:295] Iter 13, objectives: [0.2537572765718038, 0.213123037384616].
[2024-03-14 05:33:03,361][0][INFO][generic_smbo.py:295] Iter 14, objectives: [0.2537572765718038, 0.24275382982359991].
[2024-03-14 06:34:46,119][0][INFO][generic_smbo.py:295] Iter 15, objectives: [0.2537572765718038, 0.27875844799809985].
[2024-03-14 07:39:50,319][0][INFO][generic_smbo.py:295] Iter 16, objectives: [0.2537572765718038, 0.3041222906443808].
[2024-03-14 08:37:00,633][0][INFO][generic_smbo.py:295] Iter 17, objectives: [0.2537572765718038, 0.24401736481322184].
[2024-03-14 08:37:00,634][0][INFO][generic_advisor.py:365] Sample random config. rand_prob=0.100000.
[2024-03-14 09:40:44,734][0][INFO][generic_smbo.py:295] Iter 18, objectives: [0.2537572765718038, 0.2955427364839448].
[2024-03-14 10:44:22,508][0][INFO][generic_smbo.py:295] Iter 19, objectives: [0.2537572765718038, 0.2941039022803307].
[2024-03-14 11:43:37,945][0][INFO][generic_smbo.py:295] Iter 20, objectives: [0.2537572765718038, 0.26089683602253594].
[2024-03-14 11:43:38,030][0][INFO][history.py:738] Computing all hypervolumes...
