[2024-02-22 20:53:56,103][0][INFO][color_logger.py:203] Logfile: /data1/xiayuyang/online_mcmt/logs/0_2024-02-22-20-53-56-102780.log
[2024-02-22 20:53:56,359][0][WARNING][generic_advisor.py:482] Cannot sample non duplicate configuration after 1000 iterations.
[2024-02-22 20:53:56,560][0][WARNING][generic_advisor.py:482] Cannot sample non duplicate configuration after 1000 iterations.
[2024-02-22 20:53:56,757][0][WARNING][generic_advisor.py:482] Cannot sample non duplicate configuration after 1000 iterations.
[2024-02-22 20:53:56,940][0][WARNING][generic_advisor.py:482] Cannot sample non duplicate configuration after 1000 iterations.
[2024-02-22 20:53:57,123][0][WARNING][generic_advisor.py:482] Cannot sample non duplicate configuration after 1000 iterations.
[2024-02-22 20:53:57,324][0][WARNING][generic_advisor.py:482] Cannot sample non duplicate configuration after 1000 iterations.
[2024-02-22 20:53:57,527][0][WARNING][generic_advisor.py:482] Cannot sample non duplicate configuration after 1000 iterations.
[2024-02-22 20:53:57,716][0][WARNING][generic_advisor.py:482] Cannot sample non duplicate configuration after 1000 iterations.
[2024-02-22 20:53:57,911][0][WARNING][generic_advisor.py:482] Cannot sample non duplicate configuration after 1000 iterations.
[2024-02-22 20:53:58,134][0][WARNING][generic_advisor.py:482] Cannot sample non duplicate configuration after 1000 iterations.
[2024-02-22 20:53:58,360][0][WARNING][generic_advisor.py:482] Cannot sample non duplicate configuration after 1000 iterations.
[2024-02-22 20:53:58,571][0][WARNING][generic_advisor.py:482] Cannot sample non duplicate configuration after 1000 iterations.
[2024-02-22 20:53:58,827][0][WARNING][generic_advisor.py:482] Cannot sample non duplicate configuration after 1000 iterations.
[2024-02-22 20:53:59,072][0][WARNING][generic_advisor.py:482] Cannot sample non duplicate configuration after 1000 iterations.
[2024-02-22 20:53:59,320][0][WARNING][generic_advisor.py:482] Cannot sample non duplicate configuration after 1000 iterations.
[2024-02-22 20:53:59,570][0][WARNING][generic_advisor.py:482] Cannot sample non duplicate configuration after 1000 iterations.
[2024-02-22 20:53:59,828][0][WARNING][generic_advisor.py:482] Cannot sample non duplicate configuration after 1000 iterations.
[2024-02-22 20:54:00,081][0][WARNING][generic_advisor.py:482] Cannot sample non duplicate configuration after 1000 iterations.
[2024-02-22 20:54:00,299][0][WARNING][generic_advisor.py:482] Cannot sample non duplicate configuration after 1000 iterations.
[2024-02-22 20:54:00,546][0][WARNING][generic_advisor.py:482] Cannot sample non duplicate configuration after 1000 iterations.
[2024-02-22 20:54:00,774][0][WARNING][generic_advisor.py:482] Cannot sample non duplicate configuration after 1000 iterations.
[2024-02-22 20:54:00,979][0][WARNING][generic_advisor.py:482] Cannot sample non duplicate configuration after 1000 iterations.
[2024-02-22 20:54:01,216][0][WARNING][generic_advisor.py:482] Cannot sample non duplicate configuration after 1000 iterations.
[2024-02-22 20:54:01,436][0][WARNING][generic_advisor.py:482] Cannot sample non duplicate configuration after 1000 iterations.
[2024-02-22 20:54:01,634][0][WARNING][generic_advisor.py:482] Cannot sample non duplicate configuration after 1000 iterations.
[2024-02-22 20:54:01,864][0][WARNING][generic_advisor.py:482] Cannot sample non duplicate configuration after 1000 iterations.
[2024-02-22 20:54:02,056][0][WARNING][generic_advisor.py:482] Cannot sample non duplicate configuration after 1000 iterations.
[2024-02-22 20:54:02,293][0][WARNING][generic_advisor.py:482] Cannot sample non duplicate configuration after 1000 iterations.
[2024-02-22 20:54:02,536][0][WARNING][generic_advisor.py:482] Cannot sample non duplicate configuration after 1000 iterations.
[2024-02-22 20:54:02,788][0][WARNING][generic_advisor.py:482] Cannot sample non duplicate configuration after 1000 iterations.
[2024-02-22 20:54:02,978][0][WARNING][generic_advisor.py:482] Cannot sample non duplicate configuration after 1000 iterations.
[2024-02-22 20:54:03,177][0][WARNING][generic_advisor.py:482] Cannot sample non duplicate configuration after 1000 iterations.
[2024-02-22 20:54:03,424][0][WARNING][generic_advisor.py:482] Cannot sample non duplicate configuration after 1000 iterations.
[2024-02-22 20:54:03,673][0][WARNING][generic_advisor.py:482] Cannot sample non duplicate configuration after 1000 iterations.
[2024-02-22 20:54:03,923][0][WARNING][generic_advisor.py:482] Cannot sample non duplicate configuration after 1000 iterations.
[2024-02-22 20:54:04,165][0][WARNING][generic_advisor.py:482] Cannot sample non duplicate configuration after 1000 iterations.
[2024-02-22 20:54:04,410][0][WARNING][generic_advisor.py:482] Cannot sample non duplicate configuration after 1000 iterations.
[2024-02-22 20:54:04,668][0][WARNING][generic_advisor.py:482] Cannot sample non duplicate configuration after 1000 iterations.
[2024-02-22 20:54:04,913][0][WARNING][generic_advisor.py:482] Cannot sample non duplicate configuration after 1000 iterations.
[2024-02-22 20:54:05,131][0][WARNING][generic_advisor.py:482] Cannot sample non duplicate configuration after 1000 iterations.
[2024-02-22 20:54:05,315][0][WARNING][generic_advisor.py:482] Cannot sample non duplicate configuration after 1000 iterations.
[2024-02-22 20:54:05,632][0][WARNING][generic_advisor.py:482] Cannot sample non duplicate configuration after 1000 iterations.
[2024-02-22 20:54:05,869][0][WARNING][generic_advisor.py:482] Cannot sample non duplicate configuration after 1000 iterations.
[2024-02-22 20:54:06,118][0][WARNING][generic_advisor.py:482] Cannot sample non duplicate configuration after 1000 iterations.
[2024-02-22 20:54:06,347][0][WARNING][generic_advisor.py:482] Cannot sample non duplicate configuration after 1000 iterations.
[2024-02-22 20:54:06,591][0][WARNING][generic_advisor.py:482] Cannot sample non duplicate configuration after 1000 iterations.
[2024-02-22 20:54:06,840][0][WARNING][generic_advisor.py:482] Cannot sample non duplicate configuration after 1000 iterations.
[2024-02-22 20:54:07,089][0][WARNING][generic_advisor.py:482] Cannot sample non duplicate configuration after 1000 iterations.
[2024-02-22 20:54:07,334][0][WARNING][generic_advisor.py:482] Cannot sample non duplicate configuration after 1000 iterations.
[2024-02-22 20:54:07,577][0][WARNING][generic_advisor.py:482] Cannot sample non duplicate configuration after 1000 iterations.
[2024-02-22 20:54:07,827][0][WARNING][generic_advisor.py:482] Cannot sample non duplicate configuration after 1000 iterations.
[2024-02-22 20:54:08,078][0][WARNING][generic_advisor.py:482] Cannot sample non duplicate configuration after 1000 iterations.
[2024-02-22 20:54:08,325][0][WARNING][generic_advisor.py:482] Cannot sample non duplicate configuration after 1000 iterations.
[2024-02-22 20:54:08,558][0][WARNING][generic_advisor.py:482] Cannot sample non duplicate configuration after 1000 iterations.
[2024-02-22 20:54:08,796][0][WARNING][generic_advisor.py:482] Cannot sample non duplicate configuration after 1000 iterations.
[2024-02-22 20:54:09,042][0][WARNING][generic_advisor.py:482] Cannot sample non duplicate configuration after 1000 iterations.
[2024-02-22 20:54:09,288][0][WARNING][generic_advisor.py:482] Cannot sample non duplicate configuration after 1000 iterations.
[2024-02-22 20:54:09,537][0][WARNING][generic_advisor.py:482] Cannot sample non duplicate configuration after 1000 iterations.
[2024-02-22 20:54:09,777][0][WARNING][generic_advisor.py:482] Cannot sample non duplicate configuration after 1000 iterations.
[2024-02-22 20:54:10,032][0][WARNING][generic_advisor.py:482] Cannot sample non duplicate configuration after 1000 iterations.
[2024-02-22 20:54:10,274][0][WARNING][generic_advisor.py:482] Cannot sample non duplicate configuration after 1000 iterations.
[2024-02-22 20:54:10,483][0][WARNING][generic_advisor.py:482] Cannot sample non duplicate configuration after 1000 iterations.
[2024-02-22 20:54:10,704][0][WARNING][generic_advisor.py:482] Cannot sample non duplicate configuration after 1000 iterations.
[2024-02-22 20:54:10,956][0][WARNING][generic_advisor.py:482] Cannot sample non duplicate configuration after 1000 iterations.
[2024-02-22 20:54:43,973][0][ERROR][generic_smbo.py:275] Exception in objective function:
Traceback (most recent call last):
  File "/data1/xiayuyang/anaconda3/envs/carla/lib/python3.8/site-packages/openbox/utils/limit.py", line 62, in run_without_time_limit
    ret = obj_func(*obj_args, **obj_kwargs)
  File "/data1/xiayuyang/online_mcmt/detector/yolov5/s_bo.py", line 85, in multi_camera_matching
    accuracy, processing_time, section_json = accuracy, processing_time = profile(target_cam_=1, cams_dir_= cams_dir,
  File "/data1/xiayuyang/online_mcmt/detector/yolov5/my_mtsc.py", line 788, in profile
    mm_data, total_detect_time, total_extract_time, total_sct_time, total_pp_time=run_mtmc(target_cam_index=target_cam_, cams_dir=cams_dir_, weights=weights_, imgsz=imgsz_, cams_ratio=cams_ratio_)
  File "/data1/xiayuyang/online_mcmt/detector/yolov5/my_mtsc.py", line 739, in run_mtmc
    mm_data[cam][i]['detections'].append([g_tid,x,y,w,h])
KeyError: 'c002'

config: Configuration(values={
  'fps_camera': '1',
  'model_size_camera': 'yolov5s.pt',
  'resolution_camera': '320',
})

[2024-02-22 20:54:43,975][0][INFO][generic_smbo.py:295] Iter 1, objectives: [inf, inf].
