[2024-04-02 15:23:16,930][0][INFO][color_logger.py:203] Logfile: /data1/xiayuyang/online_mcmt/logs/0_2024-04-02-15-23-16-908105.log
[2024-04-02 15:34:08,317][0][INFO][generic_smbo.py:295] Iter 1, objectives: [0.36016198754532014, 0.017328498821992142].
[2024-04-02 15:39:58,000][0][INFO][generic_smbo.py:295] Iter 2, objectives: [0.42875946990653657, -0.016597230251018818].
[2024-04-02 15:50:03,670][0][INFO][generic_smbo.py:295] Iter 3, objectives: [0.42070640977668894, 0.013973385829191942].
[2024-04-02 15:53:57,451][0][INFO][generic_smbo.py:295] Iter 4, objectives: [0.352080342389685, -0.02814599238909208].
[2024-04-02 15:58:05,485][0][INFO][generic_smbo.py:295] Iter 5, objectives: [0.44660951919956027, -0.02754510136751028].
[2024-04-02 16:09:23,252][0][INFO][generic_smbo.py:295] Iter 6, objectives: [0.3055488650908059, 0.02142297341273381].
[2024-04-02 16:20:00,798][0][INFO][generic_smbo.py:295] Iter 7, objectives: [0.4509973040980435, 0.01650030716871604].
[2024-04-02 16:29:01,120][0][INFO][generic_smbo.py:295] Iter 8, objectives: [0.5035068086389856, 0.006019573089403984].
[2024-04-02 16:42:07,739][0][INFO][generic_smbo.py:295] Iter 9, objectives: [0.2539954337899544, 0.03535291369144733].
[2024-04-02 16:46:18,594][0][INFO][generic_smbo.py:295] Iter 10, objectives: [0.4173285857755866, -0.026009612266833966].
[2024-04-02 16:59:41,209][0][INFO][generic_smbo.py:295] Iter 11, objectives: [0.42833299364984034, 0.0353391547080798].
[2024-04-02 17:05:03,173][0][INFO][generic_smbo.py:295] Iter 12, objectives: [0.385595541005731, -0.019030647797462268].
[2024-04-02 17:09:30,425][0][INFO][generic_smbo.py:295] Iter 13, objectives: [0.39109265725767606, -0.02396920191936004].
[2024-04-02 17:09:30,425][0][INFO][generic_advisor.py:365] Sample random config. rand_prob=0.100000.
[2024-04-02 17:17:40,222][0][INFO][generic_smbo.py:295] Iter 14, objectives: [0.38142903331621014, 0.0001305257051418989].
[2024-04-02 17:24:05,228][0][INFO][generic_smbo.py:295] Iter 15, objectives: [0.4343650329505421, -0.0120187570192875].
[2024-04-02 17:30:17,922][0][INFO][generic_smbo.py:295] Iter 16, objectives: [0.37918011926946027, -0.013755380526567117].
[2024-04-02 17:40:43,418][0][INFO][generic_smbo.py:295] Iter 17, objectives: [0.43757359367641047, 0.014130475735053038].
[2024-04-02 17:46:44,801][0][INFO][generic_smbo.py:295] Iter 18, objectives: [0.34373195366921716, -0.015309379009100108].
[2024-04-02 17:50:24,086][0][INFO][generic_smbo.py:295] Iter 19, objectives: [0.4438909494544765, -0.03089535266925127].
[2024-04-02 17:56:44,583][0][INFO][generic_smbo.py:295] Iter 20, objectives: [0.36861235834936923, -0.01114325456130199].
[2024-04-02 18:00:59,815][0][INFO][generic_smbo.py:295] Iter 21, objectives: [0.4221706053495068, -0.026023576229046552].
[2024-04-02 18:04:36,238][0][INFO][generic_smbo.py:295] Iter 22, objectives: [0.40506129619278575, -0.03078260226127429].
[2024-04-02 18:13:41,359][0][INFO][generic_smbo.py:295] Iter 23, objectives: [0.45007827460657635, 0.005201643460836166].
[2024-04-02 18:19:51,119][0][INFO][generic_smbo.py:295] Iter 24, objectives: [0.39872428711381036, -0.01427457048342778].
[2024-04-02 18:25:47,428][0][INFO][generic_smbo.py:295] Iter 25, objectives: [0.33352571436179856, -0.014712369717084445].
[2024-04-02 18:29:49,909][0][INFO][generic_smbo.py:295] Iter 26, objectives: [0.37023505424151626, -0.02679809603935633].
[2024-04-02 18:33:39,107][0][INFO][generic_smbo.py:295] Iter 27, objectives: [0.3212639212639212, -0.028104876707761715].
[2024-04-02 18:37:38,004][0][INFO][generic_smbo.py:295] Iter 28, objectives: [0.31956828891596, -0.02728411084566361].
[2024-04-02 18:41:09,347][0][INFO][generic_smbo.py:295] Iter 29, objectives: [0.3955263586513925, -0.030474670238983936].
[2024-04-02 18:44:37,527][0][INFO][generic_smbo.py:295] Iter 30, objectives: [0.30495770425099045, -0.030987741213578446].
[2024-04-02 18:55:09,506][0][INFO][generic_smbo.py:295] Iter 31, objectives: [0.32359668894574156, 0.016545194509701853].
[2024-04-02 18:55:09,506][0][INFO][generic_advisor.py:365] Sample random config. rand_prob=0.100000.
[2024-04-02 19:05:15,237][0][INFO][generic_smbo.py:295] Iter 32, objectives: [0.33558708779898894, 0.014550857696777735].
[2024-04-02 19:09:54,406][0][INFO][generic_smbo.py:295] Iter 33, objectives: [0.4045644662665939, -0.022079524199167887].
[2024-04-02 19:14:05,808][0][INFO][generic_smbo.py:295] Iter 34, objectives: [0.45884788522182907, -0.0264134073868776].
[2024-04-02 19:22:27,092][0][INFO][generic_smbo.py:295] Iter 35, objectives: [0.5207213582119656, 0.0010323098378303723].
[2024-04-02 19:36:36,689][0][INFO][generic_smbo.py:295] Iter 36, objectives: [0.3383943820141887, 0.04297120124865801].
[2024-04-02 19:40:04,145][0][INFO][generic_smbo.py:295] Iter 37, objectives: [0.3436834712376271, -0.030288941310002253].
[2024-04-02 19:40:04,145][0][INFO][generic_advisor.py:365] Sample random config. rand_prob=0.100000.
[2024-04-02 19:46:54,108][0][INFO][generic_smbo.py:295] Iter 38, objectives: [0.43403339863516854, -0.007769840161005656].
[2024-04-02 19:59:12,632][0][INFO][generic_smbo.py:295] Iter 39, objectives: [0.25067361869038995, 0.03085246217556489].
[2024-04-02 20:07:21,956][0][INFO][generic_smbo.py:295] Iter 40, objectives: [0.33990905317181774, 0.0001341249698247665].
[2024-04-02 20:19:45,755][0][INFO][generic_smbo.py:295] Iter 41, objectives: [0.34186506160402885, 0.030837895809075772].
[2024-04-02 20:34:15,703][0][INFO][generic_smbo.py:295] Iter 42, objectives: [0.2713859781749295, 0.04502026453996316].
[2024-04-02 20:44:31,485][0][INFO][generic_smbo.py:295] Iter 43, objectives: [0.21631543990004376, 0.01601539079959576].
[2024-04-02 20:44:31,486][0][INFO][generic_advisor.py:365] Sample random config. rand_prob=0.100000.
[2024-04-02 20:50:40,834][0][INFO][generic_smbo.py:295] Iter 44, objectives: [0.4057562871446515, -0.012536353239646325].
[2024-04-02 21:01:35,015][0][INFO][generic_smbo.py:295] Iter 45, objectives: [0.3058556183963792, 0.02053699404765398].
[2024-04-02 21:12:05,388][0][INFO][generic_smbo.py:295] Iter 46, objectives: [0.45937419255083456, 0.017479895597849137].
[2024-04-02 21:12:05,388][0][INFO][generic_advisor.py:365] Sample random config. rand_prob=0.100000.
[2024-04-02 21:19:48,257][0][INFO][generic_smbo.py:295] Iter 47, objectives: [0.2826415608618209, -0.0015911812965686504].
[2024-04-02 21:30:37,803][0][INFO][generic_smbo.py:295] Iter 48, objectives: [0.34232193074315365, 0.019322502796466533].
[2024-04-02 21:34:10,692][0][INFO][generic_smbo.py:295] Iter 49, objectives: [0.378414403717383, -0.029744443465501834].
[2024-04-02 21:48:04,963][0][INFO][generic_smbo.py:295] Iter 50, objectives: [0.4091885951160744, 0.041944484557860935].
[2024-04-02 21:48:05,040][0][INFO][history.py:738] Computing all hypervolumes...
